<?xml version="1.0" encoding="UTF-8"?>
<!-- Generated by org.testng.reporters.JUnitXMLReporter -->
<testsuite ignored="1" hostname="ITT-VISHAL-S" failures="3" tests="30" name="Default test" time="0.352" errors="0" timestamp="2023-10-07T16:44:01 IST">
  <testcase classname="annotationslearning.AnnotationsDemo" name="MultipleParams" time="0.0">
    <failure type="org.testng.TestNGException" message="
Parameter &amp;apos;firstName&amp;apos; is required by @Test on method MultipleParams but has not been marked @Optional or defined
in C:\Users\vishal.soni\AppData\Local\Temp\testng-eclipse-1316511019\testng-customsuite.xml">
      <![CDATA[org.testng.TestNGException: 
Parameter 'firstName' is required by @Test on method MultipleParams but has not been marked @Optional or defined
in C:\Users\vishal.soni\AppData\Local\Temp\testng-eclipse-1316511019\testng-customsuite.xml
at org.testng.internal.Parameters.createParams(Parameters.java:270)
at org.testng.internal.Parameters.createParametersForMethod(Parameters.java:358)
at org.testng.internal.Parameters.createParameters(Parameters.java:700)
at org.testng.internal.Parameters.handleParameters(Parameters.java:884)
at org.testng.internal.Parameters.handleParameters(Parameters.java:740)
at org.testng.internal.ParameterHandler.handleParameters(ParameterHandler.java:59)
at org.testng.internal.ParameterHandler.createParameters(ParameterHandler.java:38)
at org.testng.internal.TestInvoker$MethodInvocationAgent.invoke(TestInvoker.java:791)
at org.testng.internal.TestInvoker.invokeTestMethods(TestInvoker.java:146)
at org.testng.internal.TestMethodWorker.invokeTestMethods(TestMethodWorker.java:146)
at org.testng.internal.TestMethodWorker.run(TestMethodWorker.java:128)
at java.base/java.util.ArrayList.forEach(ArrayList.java:1511)
at org.testng.TestRunner.privateRun(TestRunner.java:794)
at org.testng.TestRunner.run(TestRunner.java:596)
at org.testng.SuiteRunner.runTest(SuiteRunner.java:377)
at org.testng.SuiteRunner.runSequentially(SuiteRunner.java:371)
at org.testng.SuiteRunner.privateRun(SuiteRunner.java:332)
at org.testng.SuiteRunner.run(SuiteRunner.java:276)
at org.testng.SuiteRunnerWorker.runSuite(SuiteRunnerWorker.java:53)
at org.testng.SuiteRunnerWorker.run(SuiteRunnerWorker.java:96)
at org.testng.TestNG.runSuitesSequentially(TestNG.java:1212)
at org.testng.TestNG.runSuitesLocally(TestNG.java:1134)
at org.testng.TestNG.runSuites(TestNG.java:1063)
at org.testng.TestNG.run(TestNG.java:1031)
at org.testng.remote.AbstractRemoteTestNG.run(AbstractRemoteTestNG.java:115)
at org.testng.remote.RemoteTestNG.initAndRun(RemoteTestNG.java:251)
at org.testng.remote.RemoteTestNG.main(RemoteTestNG.java:77)
]]>
    </failure>
  </testcase> <!-- MultipleParams -->
  <testcase classname="annotationslearning.AnnotationsDemo" name="Test1" time="0.004"/>
  <testcase classname="annotationslearning.AnnotationsDemo" name="Test2" time="0.002"/>
  <testcase classname="annotationslearning.AnnotationsDemo" name="sanityTest1" time="0.002"/>
  <testcase classname="annotationslearning.AnnotationsDemo" name="sanityTest2" time="0.003"/>
  <testcase classname="annotationslearning.AnnotationsDemo" name="sanityTest3" time="0.003"/>
  <testcase classname="introduction.RegexSuiteForControllingTests" name="exclude" time="0.004"/>
  <testcase classname="introduction.RegexSuiteForControllingTests" name="runMe" time="0.004"/>
  <testcase classname="introduction.RegexSuiteForControllingTests" name="runMe2" time="0.002"/>
  <testcase classname="introduction.RegexSuiteForControllingTests" name="runMe3" time="0.004"/>
  <testcase classname="introduction.Attribute_EnabledTest" name="b" time="0.002"/>
  <testcase classname="introduction.Attribute_EnabledTest" name="c" time="0.001"/>
  <testcase classname="introduction.Attribute_TimeoutTest" name="a" time="0.031"/>
  <testcase classname="introduction.Attribute_DependsOnDemo" name="c" time="0.003"/>
  <testcase classname="introduction.Attribute_DependsOnDemo" name="b" time="0.002"/>
  <testcase classname="introduction.Attribute_DependsOnDemo" name="a" time="0.002"/>
  <testcase classname="introduction.Attribute_PriorityTest" name="c" time="0.006"/>
  <testcase classname="introduction.Attribute_PriorityTest" name="b" time="0.004"/>
  <testcase classname="introduction.Attribute_PriorityTest" name="a" time="0.002"/>
  <testcase classname="introduction.IncludeOnlyDemo" name="DoNotIncludeMe" time="0.002"/>
  <testcase classname="introduction.IncludeOnlyDemo" name="includeMe" time="0.002"/>
  <testcase classname="introduction.Attribute_DataProviderTest" name="TestDataProvider" time="0.004"/>
  <testcase classname="introduction.Attribute_DataProviderTest" name="TestDataProvider" time="0.003"/>
  <testcase classname="introduction.Attribute_DataProviderTest" name="TestDataProvider" time="0.003"/>
  <testcase classname="introduction.FirstTest" name="firstTest" time="0.003"/>
  <testcase classname="introduction.Attribute_GroupsTest" name="smokeTest1" time="0.002"/>
  <testcase classname="introduction.Attribute_GroupsTest" name="smokeTest2" time="0.001"/>
  <testcase classname="introduction.Attribute_GroupsTest" name="smokeTest3" time="0.002"/>
  <testcase classname="introduction.ParameteringTest" name="test1" time="0.0">
    <failure type="org.testng.TestNGException" message="
Parameter &amp;apos;URL&amp;apos; is required by @Test on method test1 but has not been marked @Optional or defined
in C:\Users\vishal.soni\AppData\Local\Temp\testng-eclipse-1316511019\testng-customsuite.xml">
      <![CDATA[org.testng.TestNGException: 
Parameter 'URL' is required by @Test on method test1 but has not been marked @Optional or defined
in C:\Users\vishal.soni\AppData\Local\Temp\testng-eclipse-1316511019\testng-customsuite.xml
at org.testng.internal.Parameters.createParams(Parameters.java:270)
at org.testng.internal.Parameters.createParametersForMethod(Parameters.java:358)
at org.testng.internal.Parameters.createParameters(Parameters.java:700)
at org.testng.internal.Parameters.handleParameters(Parameters.java:884)
at org.testng.internal.Parameters.handleParameters(Parameters.java:740)
at org.testng.internal.ParameterHandler.handleParameters(ParameterHandler.java:59)
at org.testng.internal.ParameterHandler.createParameters(ParameterHandler.java:38)
at org.testng.internal.TestInvoker$MethodInvocationAgent.invoke(TestInvoker.java:791)
at org.testng.internal.TestInvoker.invokeTestMethods(TestInvoker.java:146)
at org.testng.internal.TestMethodWorker.invokeTestMethods(TestMethodWorker.java:146)
at org.testng.internal.TestMethodWorker.run(TestMethodWorker.java:128)
at java.base/java.util.ArrayList.forEach(ArrayList.java:1511)
at org.testng.TestRunner.privateRun(TestRunner.java:794)
at org.testng.TestRunner.run(TestRunner.java:596)
at org.testng.SuiteRunner.runTest(SuiteRunner.java:377)
at org.testng.SuiteRunner.runSequentially(SuiteRunner.java:371)
at org.testng.SuiteRunner.privateRun(SuiteRunner.java:332)
at org.testng.SuiteRunner.run(SuiteRunner.java:276)
at org.testng.SuiteRunnerWorker.runSuite(SuiteRunnerWorker.java:53)
at org.testng.SuiteRunnerWorker.run(SuiteRunnerWorker.java:96)
at org.testng.TestNG.runSuitesSequentially(TestNG.java:1212)
at org.testng.TestNG.runSuitesLocally(TestNG.java:1134)
at org.testng.TestNG.runSuites(TestNG.java:1063)
at org.testng.TestNG.run(TestNG.java:1031)
at org.testng.remote.AbstractRemoteTestNG.run(AbstractRemoteTestNG.java:115)
at org.testng.remote.RemoteTestNG.initAndRun(RemoteTestNG.java:251)
at org.testng.remote.RemoteTestNG.main(RemoteTestNG.java:77)
]]>
    </failure>
  </testcase> <!-- test1 -->
  <testcase classname="introduction.ParameteringTest" name="test2" time="0.0">
    <failure type="org.testng.TestNGException" message="
Parameter &amp;apos;firstName&amp;apos; is required by @Test on method test2 but has not been marked @Optional or defined
in C:\Users\vishal.soni\AppData\Local\Temp\testng-eclipse-1316511019\testng-customsuite.xml">
      <![CDATA[org.testng.TestNGException: 
Parameter 'firstName' is required by @Test on method test2 but has not been marked @Optional or defined
in C:\Users\vishal.soni\AppData\Local\Temp\testng-eclipse-1316511019\testng-customsuite.xml
at org.testng.internal.Parameters.createParams(Parameters.java:270)
at org.testng.internal.Parameters.createParametersForMethod(Parameters.java:358)
at org.testng.internal.Parameters.createParameters(Parameters.java:700)
at org.testng.internal.Parameters.handleParameters(Parameters.java:884)
at org.testng.internal.Parameters.handleParameters(Parameters.java:740)
at org.testng.internal.ParameterHandler.handleParameters(ParameterHandler.java:59)
at org.testng.internal.ParameterHandler.createParameters(ParameterHandler.java:38)
at org.testng.internal.TestInvoker$MethodInvocationAgent.invoke(TestInvoker.java:791)
at org.testng.internal.TestInvoker.invokeTestMethods(TestInvoker.java:146)
at org.testng.internal.TestMethodWorker.invokeTestMethods(TestMethodWorker.java:146)
at org.testng.internal.TestMethodWorker.run(TestMethodWorker.java:128)
at java.base/java.util.ArrayList.forEach(ArrayList.java:1511)
at org.testng.TestRunner.privateRun(TestRunner.java:794)
at org.testng.TestRunner.run(TestRunner.java:596)
at org.testng.SuiteRunner.runTest(SuiteRunner.java:377)
at org.testng.SuiteRunner.runSequentially(SuiteRunner.java:371)
at org.testng.SuiteRunner.privateRun(SuiteRunner.java:332)
at org.testng.SuiteRunner.run(SuiteRunner.java:276)
at org.testng.SuiteRunnerWorker.runSuite(SuiteRunnerWorker.java:53)
at org.testng.SuiteRunnerWorker.run(SuiteRunnerWorker.java:96)
at org.testng.TestNG.runSuitesSequentially(TestNG.java:1212)
at org.testng.TestNG.runSuitesLocally(TestNG.java:1134)
at org.testng.TestNG.runSuites(TestNG.java:1063)
at org.testng.TestNG.run(TestNG.java:1031)
at org.testng.remote.AbstractRemoteTestNG.run(AbstractRemoteTestNG.java:115)
at org.testng.remote.RemoteTestNG.initAndRun(RemoteTestNG.java:251)
at org.testng.remote.RemoteTestNG.main(RemoteTestNG.java:77)
]]>
    </failure>
  </testcase> <!-- test2 -->
  <testcase classname="introduction.Attribute_EnabledTest" name="a" time="0.0">
    <ignored/>
  </testcase> <!-- a -->
</testsuite> <!-- Default test -->
