<html>
<head>
<title>TestNG:  Default test</title>
<link href="../testng.css" rel="stylesheet" type="text/css" />
<link href="../my-testng.css" rel="stylesheet" type="text/css" />

<style type="text/css">
.log { display: none;} 
.stack-trace { display: none;} 
</style>
<script type="text/javascript">
<!--
function flip(e) {
  current = e.style.display;
  if (current == 'block') {
    e.style.display = 'none';
    return 0;
  }
  else {
    e.style.display = 'block';
    return 1;
  }
}

function toggleBox(szDivId, elem, msg1, msg2)
{
  var res = -1;  if (document.getElementById) {
    res = flip(document.getElementById(szDivId));
  }
  else if (document.all) {
    // this is the way old msie versions work
    res = flip(document.all[szDivId]);
  }
  if(elem) {
    if(res == 0) elem.innerHTML = msg1; else elem.innerHTML = msg2;
  }

}

function toggleAllBoxes() {
  if (document.getElementsByTagName) {
    d = document.getElementsByTagName('div');
    for (i = 0; i < d.length; i++) {
      if (d[i].className == 'log') {
        flip(d[i]);
      }
    }
  }
}

// -->
</script>

</head>
<body>
<h2 align='center'>Default test</h2><table border='1' align="center">
<tr>
<td>Tests passed/Failed/Skipped:</td><td>27/3/0</td>
</tr><tr>
<td>Started on:</td><td>Sat Oct 07 16:44:00 IST 2023</td>
</tr>
<tr><td>Total time:</td><td>0 seconds (352 ms)</td>
</tr><tr>
<td>Included groups:</td><td></td>
</tr><tr>
<td>Excluded groups:</td><td></td>
</tr>
</table><p/>
<small><i>(Hover the method name to see the test class name)</i></small><p/>
<table width='100%' border='1' class='invocation-failed'>
<tr><td colspan='4' align='center'><b>FAILED TESTS</b></td></tr>
<tr><td><b>Test method</b></td>
<td width="30%"><b>Exception</b></td>
<td width="10%"><b>Time (seconds)</b></td>
<td><b>Instance</b></td>
</tr>
<tr>
<td title='introduction.ParameteringTest.test2()'><b>test2</b><br>Test class: introduction.ParameteringTest</td>
<td><div><pre>org.testng.TestNGException: 
Parameter &apos;firstName&apos; is required by @Test on method test2 but has not been marked @Optional or defined
in C:\Users\vishal.soni\AppData\Local\Temp\testng-eclipse-1316511019\testng-customsuite.xml
	at org.testng.internal.Parameters.createParams(Parameters.java:270)
	at org.testng.internal.Parameters.createParametersForMethod(Parameters.java:358)
	at org.testng.internal.Parameters.createParameters(Parameters.java:700)
	at org.testng.internal.Parameters.handleParameters(Parameters.java:884)
	at org.testng.internal.Parameters.handleParameters(Parameters.java:740)
	at org.testng.internal.ParameterHandler.handleParameters(ParameterHandler.java:59)
	at org.testng.internal.ParameterHandler.createParameters(ParameterHandler.java:38)
	at org.testng.internal.TestInvoker$MethodInvocationAgent.invoke(TestInvoker.java:791)
	at org.testng.internal.TestInvoker.invokeTestMethods(TestInvoker.java:146)
	at org.testng.internal.TestMethodWorker.invokeTestMethods(TestMethodWorker.java:146)
	at org.testng.internal.TestMethodWorker.run(TestMethodWorker.java:128)
	at java.base/java.util.ArrayList.forEach(ArrayList.java:1511)
	at org.testng.TestRunner.privateRun(TestRunner.java:794)
	at org.testng.TestRunner.run(TestRunner.java:596)
	at org.testng.SuiteRunner.runTest(SuiteRunner.java:377)
	at org.testng.SuiteRunner.runSequentially(SuiteRunner.java:371)
	at org.testng.SuiteRunner.privateRun(SuiteRunner.java:332)
	at org.testng.SuiteRunner.run(SuiteRunner.java:276)
	at org.testng.SuiteRunnerWorker.runSuite(SuiteRunnerWorker.java:53)
	at org.testng.SuiteRunnerWorker.run(SuiteRunnerWorker.java:96)
	at org.testng.TestNG.runSuitesSequentially(TestNG.java:1212)
	at org.testng.TestNG.runSuitesLocally(TestNG.java:1134)
	at org.testng.TestNG.runSuites(TestNG.java:1063)
	at org.testng.TestNG.run(TestNG.java:1031)
	at org.testng.remote.AbstractRemoteTestNG.run(AbstractRemoteTestNG.java:115)
	at org.testng.remote.RemoteTestNG.initAndRun(RemoteTestNG.java:251)
	at org.testng.remote.RemoteTestNG.main(RemoteTestNG.java:77)
</pre></div><a href='#' onClick='toggleBox("stack-trace2082351774", this, "Click to show all stack frames", "Click to hide stack frames")'>Click to show all stack frames</a>
<div class='stack-trace' id='stack-trace2082351774'><pre>org.testng.TestNGException: 
Parameter &apos;firstName&apos; is required by @Test on method test2 but has not been marked @Optional or defined
in C:\Users\vishal.soni\AppData\Local\Temp\testng-eclipse-1316511019\testng-customsuite.xml
	at org.testng.internal.Parameters.createParams(Parameters.java:270)
	at org.testng.internal.Parameters.createParametersForMethod(Parameters.java:358)
	at org.testng.internal.Parameters.createParameters(Parameters.java:700)
	at org.testng.internal.Parameters.handleParameters(Parameters.java:884)
	at org.testng.internal.Parameters.handleParameters(Parameters.java:740)
	at org.testng.internal.ParameterHandler.handleParameters(ParameterHandler.java:59)
	at org.testng.internal.ParameterHandler.createParameters(ParameterHandler.java:38)
	at org.testng.internal.TestInvoker$MethodInvocationAgent.invoke(TestInvoker.java:791)
	at org.testng.internal.TestInvoker.invokeTestMethods(TestInvoker.java:146)
	at org.testng.internal.TestMethodWorker.invokeTestMethods(TestMethodWorker.java:146)
	at org.testng.internal.TestMethodWorker.run(TestMethodWorker.java:128)
	at java.base/java.util.ArrayList.forEach(ArrayList.java:1511)
	at org.testng.TestRunner.privateRun(TestRunner.java:794)
	at org.testng.TestRunner.run(TestRunner.java:596)
	at org.testng.SuiteRunner.runTest(SuiteRunner.java:377)
	at org.testng.SuiteRunner.runSequentially(SuiteRunner.java:371)
	at org.testng.SuiteRunner.privateRun(SuiteRunner.java:332)
	at org.testng.SuiteRunner.run(SuiteRunner.java:276)
	at org.testng.SuiteRunnerWorker.runSuite(SuiteRunnerWorker.java:53)
	at org.testng.SuiteRunnerWorker.run(SuiteRunnerWorker.java:96)
	at org.testng.TestNG.runSuitesSequentially(TestNG.java:1212)
	at org.testng.TestNG.runSuitesLocally(TestNG.java:1134)
	at org.testng.TestNG.runSuites(TestNG.java:1063)
	at org.testng.TestNG.run(TestNG.java:1031)
	at org.testng.remote.AbstractRemoteTestNG.run(AbstractRemoteTestNG.java:115)
	at org.testng.remote.RemoteTestNG.initAndRun(RemoteTestNG.java:251)
	at org.testng.remote.RemoteTestNG.main(RemoteTestNG.java:77)
</pre></div></td>
<td>0</td>
<td>introduction.ParameteringTest@384ad17b</td></tr>
<tr>
<td title='introduction.ParameteringTest.test1()'><b>test1</b><br>Test class: introduction.ParameteringTest</td>
<td><div><pre>org.testng.TestNGException: 
Parameter &apos;URL&apos; is required by @Test on method test1 but has not been marked @Optional or defined
in C:\Users\vishal.soni\AppData\Local\Temp\testng-eclipse-1316511019\testng-customsuite.xml
	at org.testng.internal.Parameters.createParams(Parameters.java:270)
	at org.testng.internal.Parameters.createParametersForMethod(Parameters.java:358)
	at org.testng.internal.Parameters.createParameters(Parameters.java:700)
	at org.testng.internal.Parameters.handleParameters(Parameters.java:884)
	at org.testng.internal.Parameters.handleParameters(Parameters.java:740)
	at org.testng.internal.ParameterHandler.handleParameters(ParameterHandler.java:59)
	at org.testng.internal.ParameterHandler.createParameters(ParameterHandler.java:38)
	at org.testng.internal.TestInvoker$MethodInvocationAgent.invoke(TestInvoker.java:791)
	at org.testng.internal.TestInvoker.invokeTestMethods(TestInvoker.java:146)
	at org.testng.internal.TestMethodWorker.invokeTestMethods(TestMethodWorker.java:146)
	at org.testng.internal.TestMethodWorker.run(TestMethodWorker.java:128)
	at java.base/java.util.ArrayList.forEach(ArrayList.java:1511)
	at org.testng.TestRunner.privateRun(TestRunner.java:794)
	at org.testng.TestRunner.run(TestRunner.java:596)
	at org.testng.SuiteRunner.runTest(SuiteRunner.java:377)
	at org.testng.SuiteRunner.runSequentially(SuiteRunner.java:371)
	at org.testng.SuiteRunner.privateRun(SuiteRunner.java:332)
	at org.testng.SuiteRunner.run(SuiteRunner.java:276)
	at org.testng.SuiteRunnerWorker.runSuite(SuiteRunnerWorker.java:53)
	at org.testng.SuiteRunnerWorker.run(SuiteRunnerWorker.java:96)
	at org.testng.TestNG.runSuitesSequentially(TestNG.java:1212)
	at org.testng.TestNG.runSuitesLocally(TestNG.java:1134)
	at org.testng.TestNG.runSuites(TestNG.java:1063)
	at org.testng.TestNG.run(TestNG.java:1031)
	at org.testng.remote.AbstractRemoteTestNG.run(AbstractRemoteTestNG.java:115)
	at org.testng.remote.RemoteTestNG.initAndRun(RemoteTestNG.java:251)
	at org.testng.remote.RemoteTestNG.main(RemoteTestNG.java:77)
</pre></div><a href='#' onClick='toggleBox("stack-trace961160488", this, "Click to show all stack frames", "Click to hide stack frames")'>Click to show all stack frames</a>
<div class='stack-trace' id='stack-trace961160488'><pre>org.testng.TestNGException: 
Parameter &apos;URL&apos; is required by @Test on method test1 but has not been marked @Optional or defined
in C:\Users\vishal.soni\AppData\Local\Temp\testng-eclipse-1316511019\testng-customsuite.xml
	at org.testng.internal.Parameters.createParams(Parameters.java:270)
	at org.testng.internal.Parameters.createParametersForMethod(Parameters.java:358)
	at org.testng.internal.Parameters.createParameters(Parameters.java:700)
	at org.testng.internal.Parameters.handleParameters(Parameters.java:884)
	at org.testng.internal.Parameters.handleParameters(Parameters.java:740)
	at org.testng.internal.ParameterHandler.handleParameters(ParameterHandler.java:59)
	at org.testng.internal.ParameterHandler.createParameters(ParameterHandler.java:38)
	at org.testng.internal.TestInvoker$MethodInvocationAgent.invoke(TestInvoker.java:791)
	at org.testng.internal.TestInvoker.invokeTestMethods(TestInvoker.java:146)
	at org.testng.internal.TestMethodWorker.invokeTestMethods(TestMethodWorker.java:146)
	at org.testng.internal.TestMethodWorker.run(TestMethodWorker.java:128)
	at java.base/java.util.ArrayList.forEach(ArrayList.java:1511)
	at org.testng.TestRunner.privateRun(TestRunner.java:794)
	at org.testng.TestRunner.run(TestRunner.java:596)
	at org.testng.SuiteRunner.runTest(SuiteRunner.java:377)
	at org.testng.SuiteRunner.runSequentially(SuiteRunner.java:371)
	at org.testng.SuiteRunner.privateRun(SuiteRunner.java:332)
	at org.testng.SuiteRunner.run(SuiteRunner.java:276)
	at org.testng.SuiteRunnerWorker.runSuite(SuiteRunnerWorker.java:53)
	at org.testng.SuiteRunnerWorker.run(SuiteRunnerWorker.java:96)
	at org.testng.TestNG.runSuitesSequentially(TestNG.java:1212)
	at org.testng.TestNG.runSuitesLocally(TestNG.java:1134)
	at org.testng.TestNG.runSuites(TestNG.java:1063)
	at org.testng.TestNG.run(TestNG.java:1031)
	at org.testng.remote.AbstractRemoteTestNG.run(AbstractRemoteTestNG.java:115)
	at org.testng.remote.RemoteTestNG.initAndRun(RemoteTestNG.java:251)
	at org.testng.remote.RemoteTestNG.main(RemoteTestNG.java:77)
</pre></div></td>
<td>0</td>
<td>introduction.ParameteringTest@384ad17b</td></tr>
<tr>
<td title='annotationslearning.AnnotationsDemo.MultipleParams()'><b>MultipleParams</b><br>Test class: annotationslearning.AnnotationsDemo</td>
<td><div><pre>org.testng.TestNGException: 
Parameter &apos;firstName&apos; is required by @Test on method MultipleParams but has not been marked @Optional or defined
in C:\Users\vishal.soni\AppData\Local\Temp\testng-eclipse-1316511019\testng-customsuite.xml
	at org.testng.internal.Parameters.createParams(Parameters.java:270)
	at org.testng.internal.Parameters.createParametersForMethod(Parameters.java:358)
	at org.testng.internal.Parameters.createParameters(Parameters.java:700)
	at org.testng.internal.Parameters.handleParameters(Parameters.java:884)
	at org.testng.internal.Parameters.handleParameters(Parameters.java:740)
	at org.testng.internal.ParameterHandler.handleParameters(ParameterHandler.java:59)
	at org.testng.internal.ParameterHandler.createParameters(ParameterHandler.java:38)
	at org.testng.internal.TestInvoker$MethodInvocationAgent.invoke(TestInvoker.java:791)
	at org.testng.internal.TestInvoker.invokeTestMethods(TestInvoker.java:146)
	at org.testng.internal.TestMethodWorker.invokeTestMethods(TestMethodWorker.java:146)
	at org.testng.internal.TestMethodWorker.run(TestMethodWorker.java:128)
	at java.base/java.util.ArrayList.forEach(ArrayList.java:1511)
	at org.testng.TestRunner.privateRun(TestRunner.java:794)
	at org.testng.TestRunner.run(TestRunner.java:596)
	at org.testng.SuiteRunner.runTest(SuiteRunner.java:377)
	at org.testng.SuiteRunner.runSequentially(SuiteRunner.java:371)
	at org.testng.SuiteRunner.privateRun(SuiteRunner.java:332)
	at org.testng.SuiteRunner.run(SuiteRunner.java:276)
	at org.testng.SuiteRunnerWorker.runSuite(SuiteRunnerWorker.java:53)
	at org.testng.SuiteRunnerWorker.run(SuiteRunnerWorker.java:96)
	at org.testng.TestNG.runSuitesSequentially(TestNG.java:1212)
	at org.testng.TestNG.runSuitesLocally(TestNG.java:1134)
	at org.testng.TestNG.runSuites(TestNG.java:1063)
	at org.testng.TestNG.run(TestNG.java:1031)
	at org.testng.remote.AbstractRemoteTestNG.run(AbstractRemoteTestNG.java:115)
	at org.testng.remote.RemoteTestNG.initAndRun(RemoteTestNG.java:251)
	at org.testng.remote.RemoteTestNG.main(RemoteTestNG.java:77)
</pre></div><a href='#' onClick='toggleBox("stack-trace396283472", this, "Click to show all stack frames", "Click to hide stack frames")'>Click to show all stack frames</a>
<div class='stack-trace' id='stack-trace396283472'><pre>org.testng.TestNGException: 
Parameter &apos;firstName&apos; is required by @Test on method MultipleParams but has not been marked @Optional or defined
in C:\Users\vishal.soni\AppData\Local\Temp\testng-eclipse-1316511019\testng-customsuite.xml
	at org.testng.internal.Parameters.createParams(Parameters.java:270)
	at org.testng.internal.Parameters.createParametersForMethod(Parameters.java:358)
	at org.testng.internal.Parameters.createParameters(Parameters.java:700)
	at org.testng.internal.Parameters.handleParameters(Parameters.java:884)
	at org.testng.internal.Parameters.handleParameters(Parameters.java:740)
	at org.testng.internal.ParameterHandler.handleParameters(ParameterHandler.java:59)
	at org.testng.internal.ParameterHandler.createParameters(ParameterHandler.java:38)
	at org.testng.internal.TestInvoker$MethodInvocationAgent.invoke(TestInvoker.java:791)
	at org.testng.internal.TestInvoker.invokeTestMethods(TestInvoker.java:146)
	at org.testng.internal.TestMethodWorker.invokeTestMethods(TestMethodWorker.java:146)
	at org.testng.internal.TestMethodWorker.run(TestMethodWorker.java:128)
	at java.base/java.util.ArrayList.forEach(ArrayList.java:1511)
	at org.testng.TestRunner.privateRun(TestRunner.java:794)
	at org.testng.TestRunner.run(TestRunner.java:596)
	at org.testng.SuiteRunner.runTest(SuiteRunner.java:377)
	at org.testng.SuiteRunner.runSequentially(SuiteRunner.java:371)
	at org.testng.SuiteRunner.privateRun(SuiteRunner.java:332)
	at org.testng.SuiteRunner.run(SuiteRunner.java:276)
	at org.testng.SuiteRunnerWorker.runSuite(SuiteRunnerWorker.java:53)
	at org.testng.SuiteRunnerWorker.run(SuiteRunnerWorker.java:96)
	at org.testng.TestNG.runSuitesSequentially(TestNG.java:1212)
	at org.testng.TestNG.runSuitesLocally(TestNG.java:1134)
	at org.testng.TestNG.runSuites(TestNG.java:1063)
	at org.testng.TestNG.run(TestNG.java:1031)
	at org.testng.remote.AbstractRemoteTestNG.run(AbstractRemoteTestNG.java:115)
	at org.testng.remote.RemoteTestNG.initAndRun(RemoteTestNG.java:251)
	at org.testng.remote.RemoteTestNG.main(RemoteTestNG.java:77)
</pre></div></td>
<td>0</td>
<td>annotationslearning.AnnotationsDemo@393671df</td></tr>
</table><p>
<table width='100%' border='1' class='invocation-passed'>
<tr><td colspan='4' align='center'><b>PASSED TESTS</b></td></tr>
<tr><td><b>Test method</b></td>
<td width="30%"><b>Exception</b></td>
<td width="10%"><b>Time (seconds)</b></td>
<td><b>Instance</b></td>
</tr>
<tr>
<td title='introduction.Attribute_DataProviderTest.TestDataProvider()'><b>TestDataProvider</b><br>Test class: introduction.Attribute_DataProviderTest<br>Parameters: userName2, Password2</td>
<td></td>
<td>0</td>
<td>introduction.Attribute_DataProviderTest@f5ac9e4</td></tr>
<tr>
<td title='annotationslearning.AnnotationsDemo.sanityTest3()'><b>sanityTest3</b><br>Test class: annotationslearning.AnnotationsDemo</td>
<td></td>
<td>0</td>
<td>annotationslearning.AnnotationsDemo@393671df</td></tr>
<tr>
<td title='introduction.IncludeOnlyDemo.includeMe()'><b>includeMe</b><br>Test class: introduction.IncludeOnlyDemo</td>
<td></td>
<td>0</td>
<td>introduction.IncludeOnlyDemo@59fd97a8</td></tr>
<tr>
<td title='introduction.Attribute_GroupsTest.smokeTest1()'><b>smokeTest1</b><br>Test class: introduction.Attribute_GroupsTest</td>
<td></td>
<td>0</td>
<td>introduction.Attribute_GroupsTest@dbf57b3</td></tr>
<tr>
<td title='introduction.Attribute_EnabledTest.c()'><b>c</b><br>Test class: introduction.Attribute_EnabledTest</td>
<td></td>
<td>0</td>
<td>introduction.Attribute_EnabledTest@479d31f3</td></tr>
<tr>
<td title='introduction.RegexSuiteForControllingTests.runMe()'><b>runMe</b><br>Test class: introduction.RegexSuiteForControllingTests</td>
<td></td>
<td>0</td>
<td>introduction.RegexSuiteForControllingTests@333291e3</td></tr>
<tr>
<td title='introduction.Attribute_DependsOnDemo.c()'><b>c</b><br>Test class: introduction.Attribute_DependsOnDemo</td>
<td></td>
<td>0</td>
<td>introduction.Attribute_DependsOnDemo@402bba4f</td></tr>
<tr>
<td title='annotationslearning.AnnotationsDemo.Test1()'><b>Test1</b><br>Test class: annotationslearning.AnnotationsDemo</td>
<td></td>
<td>0</td>
<td>annotationslearning.AnnotationsDemo@393671df</td></tr>
<tr>
<td title='introduction.Attribute_DependsOnDemo.a()'><b>a</b><br>Test class: introduction.Attribute_DependsOnDemo</td>
<td></td>
<td>0</td>
<td>introduction.Attribute_DependsOnDemo@402bba4f</td></tr>
<tr>
<td title='introduction.RegexSuiteForControllingTests.runMe3()'><b>runMe3</b><br>Test class: introduction.RegexSuiteForControllingTests</td>
<td></td>
<td>0</td>
<td>introduction.RegexSuiteForControllingTests@333291e3</td></tr>
<tr>
<td title='introduction.Attribute_GroupsTest.smokeTest2()'><b>smokeTest2</b><br>Test class: introduction.Attribute_GroupsTest</td>
<td></td>
<td>0</td>
<td>introduction.Attribute_GroupsTest@dbf57b3</td></tr>
<tr>
<td title='annotationslearning.AnnotationsDemo.Test2()'><b>Test2</b><br>Test class: annotationslearning.AnnotationsDemo</td>
<td></td>
<td>0</td>
<td>annotationslearning.AnnotationsDemo@393671df</td></tr>
<tr>
<td title='introduction.FirstTest.firstTest()'><b>firstTest</b><br>Test class: introduction.FirstTest</td>
<td></td>
<td>0</td>
<td>introduction.FirstTest@123ef382</td></tr>
<tr>
<td title='introduction.RegexSuiteForControllingTests.exclude()'><b>exclude</b><br>Test class: introduction.RegexSuiteForControllingTests</td>
<td></td>
<td>0</td>
<td>introduction.RegexSuiteForControllingTests@333291e3</td></tr>
<tr>
<td title='introduction.Attribute_PriorityTest.b()'><b>b</b><br>Test class: introduction.Attribute_PriorityTest</td>
<td></td>
<td>0</td>
<td>introduction.Attribute_PriorityTest@795cd85e</td></tr>
<tr>
<td title='introduction.Attribute_PriorityTest.c()'><b>c</b><br>Test class: introduction.Attribute_PriorityTest</td>
<td></td>
<td>0</td>
<td>introduction.Attribute_PriorityTest@795cd85e</td></tr>
<tr>
<td title='introduction.Attribute_DataProviderTest.TestDataProvider()'><b>TestDataProvider</b><br>Test class: introduction.Attribute_DataProviderTest<br>Parameters: userName3, Password3</td>
<td></td>
<td>0</td>
<td>introduction.Attribute_DataProviderTest@f5ac9e4</td></tr>
<tr>
<td title='introduction.Attribute_EnabledTest.b()'><b>b</b><br>Test class: introduction.Attribute_EnabledTest</td>
<td></td>
<td>0</td>
<td>introduction.Attribute_EnabledTest@479d31f3</td></tr>
<tr>
<td title='introduction.Attribute_TimeoutTest.a()'><b>a</b><br>Test class: introduction.Attribute_TimeoutTest</td>
<td></td>
<td>0</td>
<td>introduction.Attribute_TimeoutTest@40ef3420</td></tr>
<tr>
<td title='annotationslearning.AnnotationsDemo.sanityTest2()'><b>sanityTest2</b><br>Test class: annotationslearning.AnnotationsDemo</td>
<td></td>
<td>0</td>
<td>annotationslearning.AnnotationsDemo@393671df</td></tr>
<tr>
<td title='introduction.IncludeOnlyDemo.DoNotIncludeMe()'><b>DoNotIncludeMe</b><br>Test class: introduction.IncludeOnlyDemo</td>
<td></td>
<td>0</td>
<td>introduction.IncludeOnlyDemo@59fd97a8</td></tr>
<tr>
<td title='annotationslearning.AnnotationsDemo.sanityTest1()'><b>sanityTest1</b><br>Test class: annotationslearning.AnnotationsDemo</td>
<td></td>
<td>0</td>
<td>annotationslearning.AnnotationsDemo@393671df</td></tr>
<tr>
<td title='introduction.Attribute_GroupsTest.smokeTest3()'><b>smokeTest3</b><br>Test class: introduction.Attribute_GroupsTest</td>
<td></td>
<td>0</td>
<td>introduction.Attribute_GroupsTest@dbf57b3</td></tr>
<tr>
<td title='introduction.RegexSuiteForControllingTests.runMe2()'><b>runMe2</b><br>Test class: introduction.RegexSuiteForControllingTests</td>
<td></td>
<td>0</td>
<td>introduction.RegexSuiteForControllingTests@333291e3</td></tr>
<tr>
<td title='introduction.Attribute_PriorityTest.a()'><b>a</b><br>Test class: introduction.Attribute_PriorityTest</td>
<td></td>
<td>0</td>
<td>introduction.Attribute_PriorityTest@795cd85e</td></tr>
<tr>
<td title='introduction.Attribute_DependsOnDemo.b()'><b>b</b><br>Test class: introduction.Attribute_DependsOnDemo</td>
<td></td>
<td>0</td>
<td>introduction.Attribute_DependsOnDemo@402bba4f</td></tr>
<tr>
<td title='introduction.Attribute_DataProviderTest.TestDataProvider()'><b>TestDataProvider</b><br>Test class: introduction.Attribute_DataProviderTest<br>Parameters: userName1, Password1</td>
<td></td>
<td>0</td>
<td>introduction.Attribute_DataProviderTest@f5ac9e4</td></tr>
</table><p>
</body>
</html>