<!DOCTYPE html PUBLIC "-//W3C//DTD XHTML 1.1//EN" "https://www.w3.org/TR/xhtml11/DTD/xhtml11.dtd">
<html xmlns="https://www.w3.org/1999/xhtml">
<head>
<meta http-equiv="content-type" content="text/html; charset=UTF-8"/>
<title>TestNG Report</title>
<style type="text/css">table {margin-bottom:10px;border-collapse:collapse;empty-cells:show}th,td {border:1px solid #009;padding:.25em .5em}th {vertical-align:bottom}td {vertical-align:top}table a {font-weight:bold}.stripe td {background-color: #E6EBF9}.num {text-align:right}.passedodd td {background-color: #3F3}.passedeven td {background-color: #0A0}.skippedodd td {background-color: #DDD}.skippedeven td {background-color: #CCC}.failedodd td,.attn {background-color: #F33}.failedeven td,.stripe .attn {background-color: #D00}.stacktrace {white-space:pre;font-family:monospace}.totop {font-size:85%;text-align:center;border-bottom:2px solid #000}.invisible {display:none}</style>
</head>
<body>
<table>
<tr><th>Test</th><th># Passed</th><th># Skipped</th><th># Retried</th><th># Failed</th><th>Time (ms)</th><th>Included Groups</th><th>Excluded Groups</th></tr>
<tr><th colspan="8">Default suite</th></tr>
<tr><td><a href="#t0">Default test</a></td><td class="num">27</td><td class="num">0</td><td class="num">0</td><td class="num attn">3</td><td class="num">352</td><td></td><td></td></tr>
</table>
<table id='summary'><thead><tr><th>Class</th><th>Method</th><th>Start</th><th>Time (ms)</th></tr></thead><tbody><tr><th colspan="4">Default suite</th></tr></tbody><tbody id="t0"><tr><th colspan="4">Default test &#8212; failed</th></tr><tr class="failedeven"><td rowspan="1">annotationslearning.AnnotationsDemo</td><td><a href="#m0">MultipleParams</a></td><td rowspan="1">1696677240900</td><td rowspan="1">0</td></tr><tr class="failedodd"><td rowspan="2">introduction.ParameteringTest</td><td><a href="#m1">test1</a></td><td rowspan="1">1696677241185</td><td rowspan="1">0</td></tr><tr class="failedodd"><td><a href="#m2">test2</a></td><td rowspan="1">1696677241190</td><td rowspan="1">0</td></tr><tr><th colspan="4">Default test &#8212; passed</th></tr><tr class="passedeven"><td rowspan="5">annotationslearning.AnnotationsDemo</td><td><a href="#m3">Test1</a></td><td rowspan="1">1696677240960</td><td rowspan="1">4</td></tr><tr class="passedeven"><td><a href="#m4">Test2</a></td><td rowspan="1">1696677240971</td><td rowspan="1">2</td></tr><tr class="passedeven"><td><a href="#m5">sanityTest1</a></td><td rowspan="1">1696677240977</td><td rowspan="1">2</td></tr><tr class="passedeven"><td><a href="#m6">sanityTest2</a></td><td rowspan="1">1696677240983</td><td rowspan="1">3</td></tr><tr class="passedeven"><td><a href="#m7">sanityTest3</a></td><td rowspan="1">1696677240996</td><td rowspan="1">3</td></tr><tr class="passedodd"><td rowspan="3">introduction.Attribute_DataProviderTest</td><td><a href="#m8">TestDataProvider</a></td><td rowspan="3">1696677241154</td><td rowspan="3">3</td></tr><tr class="passedodd"><td><a href="#m9">TestDataProvider</a></td></tr><tr class="passedodd"><td><a href="#m10">TestDataProvider</a></td></tr><tr class="passedeven"><td rowspan="3">introduction.Attribute_DependsOnDemo</td><td><a href="#m11">a</a></td><td rowspan="1">1696677241090</td><td rowspan="1">2</td></tr><tr class="passedeven"><td><a href="#m12">b</a></td><td rowspan="1">1696677241084</td><td rowspan="1">2</td></tr><tr class="passedeven"><td><a href="#m13">c</a></td><td rowspan="1">1696677241075</td><td rowspan="1">3</td></tr><tr class="passedodd"><td rowspan="2">introduction.Attribute_EnabledTest</td><td><a href="#m14">b</a></td><td rowspan="1">1696677241032</td><td rowspan="1">2</td></tr><tr class="passedodd"><td><a href="#m15">c</a></td><td rowspan="1">1696677241036</td><td rowspan="1">1</td></tr><tr class="passedeven"><td rowspan="3">introduction.Attribute_GroupsTest</td><td><a href="#m16">smokeTest1</a></td><td rowspan="1">1696677241171</td><td rowspan="1">2</td></tr><tr class="passedeven"><td><a href="#m17">smokeTest2</a></td><td rowspan="1">1696677241175</td><td rowspan="1">1</td></tr><tr class="passedeven"><td><a href="#m18">smokeTest3</a></td><td rowspan="1">1696677241179</td><td rowspan="1">2</td></tr><tr class="passedodd"><td rowspan="3">introduction.Attribute_PriorityTest</td><td><a href="#m19">a</a></td><td rowspan="1">1696677241115</td><td rowspan="1">2</td></tr><tr class="passedodd"><td><a href="#m20">b</a></td><td rowspan="1">1696677241106</td><td rowspan="1">4</td></tr><tr class="passedodd"><td><a href="#m21">c</a></td><td rowspan="1">1696677241096</td><td rowspan="1">6</td></tr><tr class="passedeven"><td rowspan="1">introduction.Attribute_TimeoutTest</td><td><a href="#m22">a</a></td><td rowspan="1">1696677241039</td><td rowspan="1">31</td></tr><tr class="passedodd"><td rowspan="1">introduction.FirstTest</td><td><a href="#m23">firstTest</a></td><td rowspan="1">1696677241165</td><td rowspan="1">3</td></tr><tr class="passedeven"><td rowspan="2">introduction.IncludeOnlyDemo</td><td><a href="#m24">DoNotIncludeMe</a></td><td rowspan="1">1696677241122</td><td rowspan="1">2</td></tr><tr class="passedeven"><td><a href="#m25">includeMe</a></td><td rowspan="1">1696677241126</td><td rowspan="1">2</td></tr><tr class="passedodd"><td rowspan="4">introduction.RegexSuiteForControllingTests</td><td><a href="#m26">exclude</a></td><td rowspan="1">1696677241009</td><td rowspan="1">4</td></tr><tr class="passedodd"><td><a href="#m27">runMe</a></td><td rowspan="1">1696677241015</td><td rowspan="1">4</td></tr><tr class="passedodd"><td><a href="#m28">runMe2</a></td><td rowspan="1">1696677241021</td><td rowspan="1">2</td></tr><tr class="passedodd"><td><a href="#m29">runMe3</a></td><td rowspan="1">1696677241026</td><td rowspan="1">4</td></tr></tbody>
</table>
<h2>Default test</h2><h3 id="m0">annotationslearning.AnnotationsDemo#MultipleParams</h3><table class="result"><tr><th>Exception</th></tr><tr><td><div class="stacktrace">org.testng.TestNGException: 
Parameter &apos;firstName&apos; is required by @Test on method MultipleParams but has not been marked @Optional or defined
in C:\Users\vishal.soni\AppData\Local\Temp\testng-eclipse-1316511019\testng-customsuite.xml
	at org.testng.internal.Parameters.createParams(Parameters.java:270)
	at org.testng.internal.Parameters.createParametersForMethod(Parameters.java:358)
	at org.testng.internal.Parameters.createParameters(Parameters.java:700)
	at org.testng.internal.Parameters.handleParameters(Parameters.java:884)
	at org.testng.internal.Parameters.handleParameters(Parameters.java:740)
	at org.testng.internal.ParameterHandler.handleParameters(ParameterHandler.java:59)
	at org.testng.internal.ParameterHandler.createParameters(ParameterHandler.java:38)
	at org.testng.internal.TestInvoker$MethodInvocationAgent.invoke(TestInvoker.java:791)
	at org.testng.internal.TestInvoker.invokeTestMethods(TestInvoker.java:146)
	at org.testng.internal.TestMethodWorker.invokeTestMethods(TestMethodWorker.java:146)
	at org.testng.internal.TestMethodWorker.run(TestMethodWorker.java:128)
	at java.base/java.util.ArrayList.forEach(ArrayList.java:1511)
	at org.testng.TestRunner.privateRun(TestRunner.java:794)
	at org.testng.TestRunner.run(TestRunner.java:596)
	at org.testng.SuiteRunner.runTest(SuiteRunner.java:377)
	at org.testng.SuiteRunner.runSequentially(SuiteRunner.java:371)
	at org.testng.SuiteRunner.privateRun(SuiteRunner.java:332)
	at org.testng.SuiteRunner.run(SuiteRunner.java:276)
	at org.testng.SuiteRunnerWorker.runSuite(SuiteRunnerWorker.java:53)
	at org.testng.SuiteRunnerWorker.run(SuiteRunnerWorker.java:96)
	at org.testng.TestNG.runSuitesSequentially(TestNG.java:1212)
	at org.testng.TestNG.runSuitesLocally(TestNG.java:1134)
	at org.testng.TestNG.runSuites(TestNG.java:1063)
	at org.testng.TestNG.run(TestNG.java:1031)
	at org.testng.remote.AbstractRemoteTestNG.run(AbstractRemoteTestNG.java:115)
	at org.testng.remote.RemoteTestNG.initAndRun(RemoteTestNG.java:251)
	at org.testng.remote.RemoteTestNG.main(RemoteTestNG.java:77)
</div></td></tr></table><p class="totop"><a href="#summary">back to summary</a></p>
<h3 id="m1">introduction.ParameteringTest#test1</h3><table class="result"><tr><th>Exception</th></tr><tr><td><div class="stacktrace">org.testng.TestNGException: 
Parameter &apos;URL&apos; is required by @Test on method test1 but has not been marked @Optional or defined
in C:\Users\vishal.soni\AppData\Local\Temp\testng-eclipse-1316511019\testng-customsuite.xml
	at org.testng.internal.Parameters.createParams(Parameters.java:270)
	at org.testng.internal.Parameters.createParametersForMethod(Parameters.java:358)
	at org.testng.internal.Parameters.createParameters(Parameters.java:700)
	at org.testng.internal.Parameters.handleParameters(Parameters.java:884)
	at org.testng.internal.Parameters.handleParameters(Parameters.java:740)
	at org.testng.internal.ParameterHandler.handleParameters(ParameterHandler.java:59)
	at org.testng.internal.ParameterHandler.createParameters(ParameterHandler.java:38)
	at org.testng.internal.TestInvoker$MethodInvocationAgent.invoke(TestInvoker.java:791)
	at org.testng.internal.TestInvoker.invokeTestMethods(TestInvoker.java:146)
	at org.testng.internal.TestMethodWorker.invokeTestMethods(TestMethodWorker.java:146)
	at org.testng.internal.TestMethodWorker.run(TestMethodWorker.java:128)
	at java.base/java.util.ArrayList.forEach(ArrayList.java:1511)
	at org.testng.TestRunner.privateRun(TestRunner.java:794)
	at org.testng.TestRunner.run(TestRunner.java:596)
	at org.testng.SuiteRunner.runTest(SuiteRunner.java:377)
	at org.testng.SuiteRunner.runSequentially(SuiteRunner.java:371)
	at org.testng.SuiteRunner.privateRun(SuiteRunner.java:332)
	at org.testng.SuiteRunner.run(SuiteRunner.java:276)
	at org.testng.SuiteRunnerWorker.runSuite(SuiteRunnerWorker.java:53)
	at org.testng.SuiteRunnerWorker.run(SuiteRunnerWorker.java:96)
	at org.testng.TestNG.runSuitesSequentially(TestNG.java:1212)
	at org.testng.TestNG.runSuitesLocally(TestNG.java:1134)
	at org.testng.TestNG.runSuites(TestNG.java:1063)
	at org.testng.TestNG.run(TestNG.java:1031)
	at org.testng.remote.AbstractRemoteTestNG.run(AbstractRemoteTestNG.java:115)
	at org.testng.remote.RemoteTestNG.initAndRun(RemoteTestNG.java:251)
	at org.testng.remote.RemoteTestNG.main(RemoteTestNG.java:77)
</div></td></tr></table><p class="totop"><a href="#summary">back to summary</a></p>
<h3 id="m2">introduction.ParameteringTest#test2</h3><table class="result"><tr><th>Exception</th></tr><tr><td><div class="stacktrace">org.testng.TestNGException: 
Parameter &apos;firstName&apos; is required by @Test on method test2 but has not been marked @Optional or defined
in C:\Users\vishal.soni\AppData\Local\Temp\testng-eclipse-1316511019\testng-customsuite.xml
	at org.testng.internal.Parameters.createParams(Parameters.java:270)
	at org.testng.internal.Parameters.createParametersForMethod(Parameters.java:358)
	at org.testng.internal.Parameters.createParameters(Parameters.java:700)
	at org.testng.internal.Parameters.handleParameters(Parameters.java:884)
	at org.testng.internal.Parameters.handleParameters(Parameters.java:740)
	at org.testng.internal.ParameterHandler.handleParameters(ParameterHandler.java:59)
	at org.testng.internal.ParameterHandler.createParameters(ParameterHandler.java:38)
	at org.testng.internal.TestInvoker$MethodInvocationAgent.invoke(TestInvoker.java:791)
	at org.testng.internal.TestInvoker.invokeTestMethods(TestInvoker.java:146)
	at org.testng.internal.TestMethodWorker.invokeTestMethods(TestMethodWorker.java:146)
	at org.testng.internal.TestMethodWorker.run(TestMethodWorker.java:128)
	at java.base/java.util.ArrayList.forEach(ArrayList.java:1511)
	at org.testng.TestRunner.privateRun(TestRunner.java:794)
	at org.testng.TestRunner.run(TestRunner.java:596)
	at org.testng.SuiteRunner.runTest(SuiteRunner.java:377)
	at org.testng.SuiteRunner.runSequentially(SuiteRunner.java:371)
	at org.testng.SuiteRunner.privateRun(SuiteRunner.java:332)
	at org.testng.SuiteRunner.run(SuiteRunner.java:276)
	at org.testng.SuiteRunnerWorker.runSuite(SuiteRunnerWorker.java:53)
	at org.testng.SuiteRunnerWorker.run(SuiteRunnerWorker.java:96)
	at org.testng.TestNG.runSuitesSequentially(TestNG.java:1212)
	at org.testng.TestNG.runSuitesLocally(TestNG.java:1134)
	at org.testng.TestNG.runSuites(TestNG.java:1063)
	at org.testng.TestNG.run(TestNG.java:1031)
	at org.testng.remote.AbstractRemoteTestNG.run(AbstractRemoteTestNG.java:115)
	at org.testng.remote.RemoteTestNG.initAndRun(RemoteTestNG.java:251)
	at org.testng.remote.RemoteTestNG.main(RemoteTestNG.java:77)
</div></td></tr></table><p class="totop"><a href="#summary">back to summary</a></p>
<h3 id="m3">annotationslearning.AnnotationsDemo#Test1</h3><table class="result"><tr><th class="invisible"/></tr></table><p class="totop"><a href="#summary">back to summary</a></p>
<h3 id="m4">annotationslearning.AnnotationsDemo#Test2</h3><table class="result"><tr><th class="invisible"/></tr></table><p class="totop"><a href="#summary">back to summary</a></p>
<h3 id="m5">annotationslearning.AnnotationsDemo#sanityTest1</h3><table class="result"><tr><th class="invisible"/></tr></table><p class="totop"><a href="#summary">back to summary</a></p>
<h3 id="m6">annotationslearning.AnnotationsDemo#sanityTest2</h3><table class="result"><tr><th class="invisible"/></tr></table><p class="totop"><a href="#summary">back to summary</a></p>
<h3 id="m7">annotationslearning.AnnotationsDemo#sanityTest3</h3><table class="result"><tr><th class="invisible"/></tr></table><p class="totop"><a href="#summary">back to summary</a></p>
<h3 id="m8">introduction.Attribute_DataProviderTest#TestDataProvider</h3><table class="result"><tr class="param"><th>Parameter #1</th><th>Parameter #2</th></tr><tr class="param stripe"><td>userName2</td><td>Password2</td></tr></table><p class="totop"><a href="#summary">back to summary</a></p>
<h3 id="m9">introduction.Attribute_DataProviderTest#TestDataProvider</h3><table class="result"><tr class="param"><th>Parameter #1</th><th>Parameter #2</th></tr><tr class="param stripe"><td>userName3</td><td>Password3</td></tr></table><p class="totop"><a href="#summary">back to summary</a></p>
<h3 id="m10">introduction.Attribute_DataProviderTest#TestDataProvider</h3><table class="result"><tr class="param"><th>Parameter #1</th><th>Parameter #2</th></tr><tr class="param stripe"><td>userName1</td><td>Password1</td></tr></table><p class="totop"><a href="#summary">back to summary</a></p>
<h3 id="m11">introduction.Attribute_DependsOnDemo#a</h3><table class="result"><tr><th class="invisible"/></tr></table><p class="totop"><a href="#summary">back to summary</a></p>
<h3 id="m12">introduction.Attribute_DependsOnDemo#b</h3><table class="result"><tr><th class="invisible"/></tr></table><p class="totop"><a href="#summary">back to summary</a></p>
<h3 id="m13">introduction.Attribute_DependsOnDemo#c</h3><table class="result"><tr><th class="invisible"/></tr></table><p class="totop"><a href="#summary">back to summary</a></p>
<h3 id="m14">introduction.Attribute_EnabledTest#b</h3><table class="result"><tr><th class="invisible"/></tr></table><p class="totop"><a href="#summary">back to summary</a></p>
<h3 id="m15">introduction.Attribute_EnabledTest#c</h3><table class="result"><tr><th class="invisible"/></tr></table><p class="totop"><a href="#summary">back to summary</a></p>
<h3 id="m16">introduction.Attribute_GroupsTest#smokeTest1</h3><table class="result"><tr><th class="invisible"/></tr></table><p class="totop"><a href="#summary">back to summary</a></p>
<h3 id="m17">introduction.Attribute_GroupsTest#smokeTest2</h3><table class="result"><tr><th class="invisible"/></tr></table><p class="totop"><a href="#summary">back to summary</a></p>
<h3 id="m18">introduction.Attribute_GroupsTest#smokeTest3</h3><table class="result"><tr><th class="invisible"/></tr></table><p class="totop"><a href="#summary">back to summary</a></p>
<h3 id="m19">introduction.Attribute_PriorityTest#a</h3><table class="result"><tr><th class="invisible"/></tr></table><p class="totop"><a href="#summary">back to summary</a></p>
<h3 id="m20">introduction.Attribute_PriorityTest#b</h3><table class="result"><tr><th class="invisible"/></tr></table><p class="totop"><a href="#summary">back to summary</a></p>
<h3 id="m21">introduction.Attribute_PriorityTest#c</h3><table class="result"><tr><th class="invisible"/></tr></table><p class="totop"><a href="#summary">back to summary</a></p>
<h3 id="m22">introduction.Attribute_TimeoutTest#a</h3><table class="result"><tr><th class="invisible"/></tr></table><p class="totop"><a href="#summary">back to summary</a></p>
<h3 id="m23">introduction.FirstTest#firstTest</h3><table class="result"><tr><th class="invisible"/></tr></table><p class="totop"><a href="#summary">back to summary</a></p>
<h3 id="m24">introduction.IncludeOnlyDemo#DoNotIncludeMe</h3><table class="result"><tr><th class="invisible"/></tr></table><p class="totop"><a href="#summary">back to summary</a></p>
<h3 id="m25">introduction.IncludeOnlyDemo#includeMe</h3><table class="result"><tr><th class="invisible"/></tr></table><p class="totop"><a href="#summary">back to summary</a></p>
<h3 id="m26">introduction.RegexSuiteForControllingTests#exclude</h3><table class="result"><tr><th class="invisible"/></tr></table><p class="totop"><a href="#summary">back to summary</a></p>
<h3 id="m27">introduction.RegexSuiteForControllingTests#runMe</h3><table class="result"><tr><th class="invisible"/></tr></table><p class="totop"><a href="#summary">back to summary</a></p>
<h3 id="m28">introduction.RegexSuiteForControllingTests#runMe2</h3><table class="result"><tr><th class="invisible"/></tr></table><p class="totop"><a href="#summary">back to summary</a></p>
<h3 id="m29">introduction.RegexSuiteForControllingTests#runMe3</h3><table class="result"><tr><th class="invisible"/></tr></table><p class="totop"><a href="#summary">back to summary</a></p>
</body>
</html>
