<?xml version="1.0" encoding="UTF-8"?>
<!-- Generated by org.testng.reporters.JUnitReportReporter -->
<testsuite hostname="ITT-VISHAL-S" failures="0" tests="6" name="annotationslearning.AnnotationsDemo" time="0.032" errors="1" timestamp="2023-10-07T16:44:01 IST" skipped="0">
  <testcase classname="annotationslearning.AnnotationsDemo" name="sanityTest1" time="0.004"/>
  <system-out/>
  <testcase classname="annotationslearning.AnnotationsDemo" name="sanityTest3" time="0.003"/>
  <system-out/>
  <testcase classname="annotationslearning.AnnotationsDemo" name="Test2" time="0.004"/>
  <system-out/>
  <testcase classname="annotationslearning.AnnotationsDemo" name="sanityTest2" time="0.016"/>
  <system-out/>
  <testcase classname="annotationslearning.AnnotationsDemo" name="MultipleParams" time="0.001">
    <error message="
Parameter &#039;firstName&#039; is required by @Test on method MultipleParams but has not been marked @Optional or defined
in C:\Users\vishal.soni\AppData\Local\Temp\testng-eclipse-1316511019\testng-customsuite.xml" type="org.testng.TestNGException">
      <![CDATA[org.testng.TestNGException: 
Parameter 'firstName' is required by @Test on method MultipleParams but has not been marked @Optional or defined
in C:\Users\vishal.soni\AppData\Local\Temp\testng-eclipse-1316511019\testng-customsuite.xml
at org.testng.internal.Parameters.createParams(Parameters.java:270)
at org.testng.internal.Parameters.createParametersForMethod(Parameters.java:358)
at org.testng.internal.Parameters.createParameters(Parameters.java:700)
at org.testng.internal.Parameters.handleParameters(Parameters.java:884)
at org.testng.internal.Parameters.handleParameters(Parameters.java:740)
at org.testng.internal.ParameterHandler.handleParameters(ParameterHandler.java:59)
at org.testng.internal.ParameterHandler.createParameters(ParameterHandler.java:38)
at org.testng.internal.TestInvoker$MethodInvocationAgent.invoke(TestInvoker.java:791)
at org.testng.internal.TestInvoker.invokeTestMethods(TestInvoker.java:146)
at org.testng.internal.TestMethodWorker.invokeTestMethods(TestMethodWorker.java:146)
at org.testng.internal.TestMethodWorker.run(TestMethodWorker.java:128)
at java.base/java.util.ArrayList.forEach(ArrayList.java:1511)
at org.testng.TestRunner.privateRun(TestRunner.java:794)
at org.testng.TestRunner.run(TestRunner.java:596)
at org.testng.SuiteRunner.runTest(SuiteRunner.java:377)
at org.testng.SuiteRunner.runSequentially(SuiteRunner.java:371)
at org.testng.SuiteRunner.privateRun(SuiteRunner.java:332)
at org.testng.SuiteRunner.run(SuiteRunner.java:276)
at org.testng.SuiteRunnerWorker.runSuite(SuiteRunnerWorker.java:53)
at org.testng.SuiteRunnerWorker.run(SuiteRunnerWorker.java:96)
at org.testng.TestNG.runSuitesSequentially(TestNG.java:1212)
at org.testng.TestNG.runSuitesLocally(TestNG.java:1134)
at org.testng.TestNG.runSuites(TestNG.java:1063)
at org.testng.TestNG.run(TestNG.java:1031)
at org.testng.remote.AbstractRemoteTestNG.run(AbstractRemoteTestNG.java:115)
at org.testng.remote.RemoteTestNG.initAndRun(RemoteTestNG.java:251)
at org.testng.remote.RemoteTestNG.main(RemoteTestNG.java:77)
]]>
    </error>
  </testcase> <!-- MultipleParams -->
  <system-out/>
  <testcase classname="annotationslearning.AnnotationsDemo" name="Test1" time="0.004"/>
  <system-out/>
</testsuite> <!-- annotationslearning.AnnotationsDemo -->
