<?xml version="1.0" encoding="UTF-8"?>
<!-- Generated by org.testng.reporters.JUnitXMLReporter -->
<testsuite ignored="0" hostname="DESKTOP-V01TE7B" failures="2" tests="3" name="Error Validation Test" time="27.189" errors="0" timestamp="2023-10-07T17:56:30 IST">
  <testcase classname="e2etests.ErrorValidationTest" name="ProductErrorValidation" time="9.572">
    <failure type="java.lang.AssertionError" message="expected [true] but found [false]">
      <![CDATA[java.lang.AssertionError: expected [true] but found [false]
at e2etests.ErrorValidationTest.ProductErrorValidation(ErrorValidationTest.java:34)
at java.base/java.util.ArrayList.forEach(ArrayList.java:1511)
at java.base/java.util.concurrent.FutureTask.run(FutureTask.java:264)
at java.base/java.util.concurrent.ThreadPoolExecutor.runWorker(ThreadPoolExecutor.java:1136)
at java.base/java.util.concurrent.ThreadPoolExecutor$Worker.run(ThreadPoolExecutor.java:635)
at java.base/java.lang.Thread.run(Thread.java:833)
... Removed 21 stack frames]]>
    </failure>
  </testcase> <!-- ProductErrorValidation -->
  <testcase classname="e2etests.ErrorValidationTest" name="incorrectCredentialsLoginTest" time="1.122">
    <skipped/>
  </testcase> <!-- incorrectCredentialsLoginTest -->
  <testcase classname="e2etests.ErrorValidationTest" name="incorrectCredentialsLoginTest" time="0.794">
    <failure type="java.lang.AssertionError" message="expected [Incorrect email or password.] but found [Incorrect email or password will fail.]">
      <![CDATA[java.lang.AssertionError: expected [Incorrect email or password.] but found [Incorrect email or password will fail.]
at e2etests.ErrorValidationTest.incorrectCredentialsLoginTest(ErrorValidationTest.java:19)
at java.base/java.util.ArrayList.forEach(ArrayList.java:1511)
at java.base/java.util.concurrent.FutureTask.run(FutureTask.java:264)
at java.base/java.util.concurrent.ThreadPoolExecutor.runWorker(ThreadPoolExecutor.java:1136)
at java.base/java.util.concurrent.ThreadPoolExecutor$Worker.run(ThreadPoolExecutor.java:635)
at java.base/java.lang.Thread.run(Thread.java:833)
... Removed 23 stack frames]]>
    </failure>
  </testcase> <!-- incorrectCredentialsLoginTest -->
</testsuite> <!-- Error Validation Test -->
