<?xml version="1.0" encoding="UTF-8"?>
<!-- Generated by org.testng.reporters.JUnitXMLReporter -->
<testsuite ignored="1" hostname="ITT-VISHAL-S" failures="2" tests="30" name="params" time="0.28" errors="0" timestamp="2023-10-02T15:03:59 IST">
  <testcase classname="annotationslearning.AnnotationsDemo" name="MultipleParams" time="0.0">
    <failure type="org.testng.TestNGException" message="
Parameter &amp;apos;firstName&amp;apos; is required by @Test on method MultipleParams but has not been marked @Optional or defined
in D:\VishalSoniLearning\JavaSelenium\TestNgTutorials\runPackageLevelTests.xml">
      <![CDATA[org.testng.TestNGException: 
Parameter 'firstName' is required by @Test on method MultipleParams but has not been marked @Optional or defined
in D:\VishalSoniLearning\JavaSelenium\TestNgTutorials\runPackageLevelTests.xml
at java.base/java.util.ArrayList.forEach(ArrayList.java:1511)
... Removed 26 stack frames]]>
    </failure>
  </testcase> <!-- MultipleParams -->
  <testcase classname="annotationslearning.AnnotationsDemo" name="Test1" time="0.004"/>
  <testcase classname="annotationslearning.AnnotationsDemo" name="Test2" time="0.003"/>
  <testcase classname="annotationslearning.AnnotationsDemo" name="sanityTest1" time="0.004"/>
  <testcase classname="annotationslearning.AnnotationsDemo" name="sanityTest2" time="0.003"/>
  <testcase classname="annotationslearning.AnnotationsDemo" name="sanityTest3" time="0.002"/>
  <testcase classname="introduction.Attribute_DataProviderTest" name="TestDataProvider" time="0.003"/>
  <testcase classname="introduction.Attribute_DataProviderTest" name="TestDataProvider" time="0.003"/>
  <testcase classname="introduction.Attribute_DataProviderTest" name="TestDataProvider" time="0.006"/>
  <testcase classname="introduction.Attribute_DependsOnDemo" name="c" time="0.003"/>
  <testcase classname="introduction.Attribute_DependsOnDemo" name="b" time="0.001"/>
  <testcase classname="introduction.Attribute_DependsOnDemo" name="a" time="0.002"/>
  <testcase classname="introduction.Attribute_EnabledTest" name="b" time="0.002"/>
  <testcase classname="introduction.Attribute_EnabledTest" name="c" time="0.002"/>
  <testcase classname="introduction.Attribute_GroupsTest" name="smokeTest1" time="0.001"/>
  <testcase classname="introduction.Attribute_GroupsTest" name="smokeTest2" time="0.006"/>
  <testcase classname="introduction.Attribute_GroupsTest" name="smokeTest3" time="0.002"/>
  <testcase classname="introduction.Attribute_PriorityTest" name="c" time="0.001"/>
  <testcase classname="introduction.Attribute_PriorityTest" name="b" time="0.001"/>
  <testcase classname="introduction.Attribute_PriorityTest" name="a" time="0.001"/>
  <testcase classname="introduction.Attribute_TimeoutTest" name="a" time="0.006"/>
  <testcase classname="introduction.FirstTest" name="firstTest" time="0.001"/>
  <testcase classname="introduction.IncludeOnlyDemo" name="DoNotIncludeMe" time="0.004"/>
  <testcase classname="introduction.IncludeOnlyDemo" name="includeMe" time="0.001"/>
  <testcase classname="introduction.ParameteringTest" name="test1" time="0.002"/>
  <testcase classname="introduction.ParameteringTest" name="test2" time="0.0">
    <failure type="org.testng.TestNGException" message="
Parameter &amp;apos;firstName&amp;apos; is required by @Test on method test2 but has not been marked @Optional or defined
in D:\VishalSoniLearning\JavaSelenium\TestNgTutorials\runPackageLevelTests.xml">
      <![CDATA[org.testng.TestNGException: 
Parameter 'firstName' is required by @Test on method test2 but has not been marked @Optional or defined
in D:\VishalSoniLearning\JavaSelenium\TestNgTutorials\runPackageLevelTests.xml
at java.base/java.util.ArrayList.forEach(ArrayList.java:1511)
... Removed 26 stack frames]]>
    </failure>
  </testcase> <!-- test2 -->
  <testcase classname="introduction.RegexSuiteForControllingTests" name="exclude" time="0.001"/>
  <testcase classname="introduction.RegexSuiteForControllingTests" name="runMe" time="0.0"/>
  <testcase classname="introduction.RegexSuiteForControllingTests" name="runMe2" time="0.001"/>
  <testcase classname="introduction.RegexSuiteForControllingTests" name="runMe3" time="0.0"/>
  <testcase classname="introduction.Attribute_EnabledTest" name="a" time="0.0">
    <ignored/>
  </testcase> <!-- a -->
</testsuite> <!-- params -->
